0 info it worked if it ends with ok
1 verbose cli [ '/usr/local/bin/node', '/usr/local/bin/npm', 'install' ]
2 info using npm@2.7.4
3 info using node@v0.12.2
4 verbose install where, deps [ '/Users/nunevardanyan/Documents/Github Repos/BabySitter/plugins/cordova-sqlite-storage',
4 verbose install   [ 'cordova-sqlite-storage-dependencies' ] ]
5 verbose install where, peers [ '/Users/nunevardanyan/Documents/Github Repos/BabySitter/plugins/cordova-sqlite-storage',
5 verbose install   [] ]
6 info preinstall cordova-sqlite-storage@1.4.6
7 silly cache add args [ 'cordova-sqlite-storage-dependencies@1.0.0', null ]
8 verbose cache add spec cordova-sqlite-storage-dependencies@1.0.0
9 silly cache add parsed spec { raw: 'cordova-sqlite-storage-dependencies@1.0.0',
9 silly cache add   scope: null,
9 silly cache add   name: 'cordova-sqlite-storage-dependencies',
9 silly cache add   rawSpec: '1.0.0',
9 silly cache add   spec: '1.0.0',
9 silly cache add   type: 'version' }
10 verbose addNamed cordova-sqlite-storage-dependencies@1.0.0
11 silly addNamed semver.valid 1.0.0
12 silly addNamed semver.validRange 1.0.0
13 silly mapToRegistry name cordova-sqlite-storage-dependencies
14 silly mapToRegistry using default registry
15 silly mapToRegistry registry https://registry.npmjs.org/
16 silly mapToRegistry uri https://registry.npmjs.org/cordova-sqlite-storage-dependencies
17 verbose addNameVersion registry:https://registry.npmjs.org/cordova-sqlite-storage-dependencies not in flight; fetching
18 verbose request uri https://registry.npmjs.org/cordova-sqlite-storage-dependencies
19 verbose request no auth needed
20 info attempt registry request try #1 at 9:55:29 PM
21 verbose request id bdcc2206bed0295a
22 verbose etag "9P70YO89QH119L463AOIBLOWD"
23 http request GET https://registry.npmjs.org/cordova-sqlite-storage-dependencies
24 http 304 https://registry.npmjs.org/cordova-sqlite-storage-dependencies
25 silly get cb [ 304,
25 silly get   { date: 'Tue, 23 Aug 2016 01:55:29 GMT',
25 silly get     via: '1.1 varnish',
25 silly get     'cache-control': 'max-age=300',
25 silly get     etag: '"9P70YO89QH119L463AOIBLOWD"',
25 silly get     age: '0',
25 silly get     connection: 'keep-alive',
25 silly get     'x-served-by': 'cache-yyz8321-YYZ',
25 silly get     'x-cache': 'MISS',
25 silly get     'x-cache-hits': '0',
25 silly get     'x-timer': 'S1471917329.548653,VS0,VE431',
25 silly get     vary: 'Accept-Encoding' } ]
26 verbose etag https://registry.npmjs.org/cordova-sqlite-storage-dependencies from cache
27 verbose get saving cordova-sqlite-storage-dependencies to /Users/nunevardanyan/.npm/registry.npmjs.org/cordova-sqlite-storage-dependencies/.cache.json
28 silly cache afterAdd cordova-sqlite-storage-dependencies@1.0.0
29 verbose afterAdd /Users/nunevardanyan/.npm/cordova-sqlite-storage-dependencies/1.0.0/package/package.json not in flight; writing
30 verbose afterAdd /Users/nunevardanyan/.npm/cordova-sqlite-storage-dependencies/1.0.0/package/package.json written
31 silly install resolved [ { name: 'cordova-sqlite-storage-dependencies',
31 silly install resolved     version: '1.0.0',
31 silly install resolved     description: 'Cordova sqlite storage dependencies',
31 silly install resolved     main: '404.js',
31 silly install resolved     scripts: { test: 'echo "Error: no test specified" && exit 1' },
31 silly install resolved     repository:
31 silly install resolved      { type: 'git',
31 silly install resolved        url: 'git+https://github.com/litehelpers/Cordova-sqlite-storage-dependencies.git' },
31 silly install resolved     keywords: [ 'cordova', 'sqlite', 'amalgamation' ],
31 silly install resolved     author: { name: 'Christopher J. Brody' },
31 silly install resolved     license: 'Unlicense',
31 silly install resolved     bugs: { url: 'https://github.com/litehelpers/Cordova-sqlite-storage-dependencies/issues' },
31 silly install resolved     homepage: 'https://github.com/litehelpers/Cordova-sqlite-storage-dependencies#readme',
31 silly install resolved     gitHead: 'f475cbe4a99e3b349436903e7e1d014635aec8ad',
31 silly install resolved     _id: 'cordova-sqlite-storage-dependencies@1.0.0',
31 silly install resolved     _shasum: '5f00692cb7e4308347ef0ce50e0aa8a8f02dca43',
31 silly install resolved     _from: 'cordova-sqlite-storage-dependencies@1.0.0',
31 silly install resolved     _npmVersion: '2.15.3',
31 silly install resolved     _nodeVersion: '4.4.2',
31 silly install resolved     _npmUser: { name: 'brodybits', email: 'brodybits@litehelpers.net' },
31 silly install resolved     dist:
31 silly install resolved      { shasum: '5f00692cb7e4308347ef0ce50e0aa8a8f02dca43',
31 silly install resolved        tarball: 'https://registry.npmjs.org/cordova-sqlite-storage-dependencies/-/cordova-sqlite-storage-dependencies-1.0.0.tgz' },
31 silly install resolved     maintainers: [ [Object] ],
31 silly install resolved     _npmOperationalInternal:
31 silly install resolved      { host: 'packages-16-east.internal.npmjs.com',
31 silly install resolved        tmp: 'tmp/cordova-sqlite-storage-dependencies-1.0.0.tgz_1462200742349_0.20566458185203373' },
31 silly install resolved     directories: {},
31 silly install resolved     _resolved: 'https://registry.npmjs.org/cordova-sqlite-storage-dependencies/-/cordova-sqlite-storage-dependencies-1.0.0.tgz',
31 silly install resolved     readme: 'ERROR: No README data found!' } ]
32 info install cordova-sqlite-storage-dependencies@1.0.0 into /Users/nunevardanyan/Documents/Github Repos/BabySitter/plugins/cordova-sqlite-storage
33 info installOne cordova-sqlite-storage-dependencies@1.0.0
34 verbose installOne of cordova-sqlite-storage-dependencies to /Users/nunevardanyan/Documents/Github Repos/BabySitter/plugins/cordova-sqlite-storage not in flight; installing
35 warn locking Error: EACCES, open '/Users/nunevardanyan/.npm/_locks/cordova-sqlite-storage-d-4ce1cea43e7e54d9.lock'
35 warn locking     at Error (native)
35 warn locking  /Users/nunevardanyan/.npm/_locks/cordova-sqlite-storage-d-4ce1cea43e7e54d9.lock failed { [Error: EACCES, open '/Users/nunevardanyan/.npm/_locks/cordova-sqlite-storage-d-4ce1cea43e7e54d9.lock']
35 warn locking   errno: -13,
35 warn locking   code: 'EACCES',
35 warn locking   path: '/Users/nunevardanyan/.npm/_locks/cordova-sqlite-storage-d-4ce1cea43e7e54d9.lock' }
36 verbose stack Error: Attempt to unlock /Users/nunevardanyan/Documents/Github Repos/BabySitter/plugins/cordova-sqlite-storage/node_modules/cordova-sqlite-storage-dependencies, which hasn't been locked
36 verbose stack     at unlock (/usr/local/lib/node_modules/npm/lib/utils/locker.js:66:11)
36 verbose stack     at cb (/usr/local/lib/node_modules/npm/lib/install.js:1004:5)
36 verbose stack     at /usr/local/lib/node_modules/npm/lib/install.js:1008:20
36 verbose stack     at /usr/local/lib/node_modules/npm/lib/utils/locker.js:40:9
36 verbose stack     at cb (/usr/local/lib/node_modules/npm/node_modules/lockfile/lockfile.js:149:38)
36 verbose stack     at /usr/local/lib/node_modules/npm/node_modules/lockfile/lockfile.js:177:38
36 verbose stack     at FSReqWrap.oncomplete (fs.js:95:15)
37 verbose cwd /Users/nunevardanyan/Documents/Github Repos/BabySitter/plugins/cordova-sqlite-storage
38 error Darwin 15.5.0
39 error argv "/usr/local/bin/node" "/usr/local/bin/npm" "install"
40 error node v0.12.2
41 error npm  v2.7.4
42 error Attempt to unlock /Users/nunevardanyan/Documents/Github Repos/BabySitter/plugins/cordova-sqlite-storage/node_modules/cordova-sqlite-storage-dependencies, which hasn't been locked
43 error If you need help, you may report this error at:
43 error     <https://github.com/npm/npm/issues>
44 verbose exit [ 1, true ]
